Design Assistant report for Flappy_Gate
Wed Dec 03 20:21:42 2014
Quartus II 64-Bit Version 13.0.1 Build 232 06/12/2013 Service Pack 1 SJ Web Edition


---------------------
; Table of Contents ;
---------------------
  1. Legal Notice
  2. Design Assistant Summary
  3. Design Assistant Settings
  4. High Violations
  5. Information only Violations
  6. Design Assistant Messages



----------------
; Legal Notice ;
----------------
Copyright (C) 1991-2013 Altera Corporation
Your use of Altera Corporation's design tools, logic functions 
and other software and tools, and its AMPP partner logic 
functions, and any output files from any of the foregoing 
(including device programming or simulation files), and any 
associated documentation or information are expressly subject 
to the terms and conditions of the Altera Program License 
Subscription Agreement, Altera MegaCore Function License 
Agreement, or other applicable license agreement, including, 
without limitation, that your use is for the sole purpose of 
programming logic devices manufactured by Altera and sold by 
Altera or its authorized distributors.  Please refer to the 
applicable agreement for further details.



+-------------------------------------------------------------------------+
; Design Assistant Summary                                                ;
+-----------------------------------+-------------------------------------+
; Design Assistant Status           ; Analyzed - Wed Dec 03 20:21:42 2014 ;
; Revision Name                     ; Flappy_Gate                         ;
; Top-level Entity Name             ; Flappy_Gate                         ;
; Family                            ; Cyclone IV E                        ;
; Total Critical Violations         ; 0                                   ;
; Total High Violations             ; 32                                  ;
; - Rule A108                       ; 8                                   ;
; - Rule D101                       ; 24                                  ;
; Total Medium Violations           ; 0                                   ;
; Total Information only Violations ; 53                                  ;
; - Rule T101                       ; 3                                   ;
; - Rule T102                       ; 50                                  ;
+-----------------------------------+-------------------------------------+


+----------------------------------------------------------------------------------------------------------------------------------------------------------------------------------------------------------------------------------------------------------------------------------------------------------+
; Design Assistant Settings                                                                                                                                                                                                                                                                                ;
+--------------------------------------------------------------------------------------------------------------------------------------------------------------------------------------------------------------------------------------------------------------------------------------+--------------+----+
; Option                                                                                                                                                                                                                                                                               ; Setting      ; To ;
+--------------------------------------------------------------------------------------------------------------------------------------------------------------------------------------------------------------------------------------------------------------------------------------+--------------+----+
; Design Assistant mode                                                                                                                                                                                                                                                                ; Post-Fitting ;    ;
; Threshold value for clock net not mapped to clock spines rule                                                                                                                                                                                                                        ; 25           ;    ;
; Minimum number of clock port feed by gated clocks                                                                                                                                                                                                                                    ; 30           ;    ;
; Minimum number of node fan-out                                                                                                                                                                                                                                                       ; 30           ;    ;
; Maximum number of nodes to report                                                                                                                                                                                                                                                    ; 50           ;    ;
; Rule C101: Gated clock should be implemented according to the Altera standard scheme                                                                                                                                                                                                 ; On           ;    ;
; Rule C102: Logic cell should not be used to generate an inverted clock signal                                                                                                                                                                                                        ; On           ;    ;
; Rule C103: Gated clock does not feed at least a pre-defined number of clock ports to effectively save power                                                                                                                                                                          ; On           ;    ;
; Rule C104: Clock signal source should drive only clock input ports                                                                                                                                                                                                                   ; On           ;    ;
; Rule C105: Clock signal should be a global signal (Rule applies during post-fitting analysis. This rule applies during both post-fitting analysis and post-synthesis analysis if the design targets a MAX 3000 or MAX 7000 device. For more information, see the Help for the rule.) ; On           ;    ;
; Rule C106: Clock signal source should not drive registers triggered by different clock edges                                                                                                                                                                                         ; On           ;    ;
; Rule R101: Combinational logic used as a reset signal should be synchronized                                                                                                                                                                                                         ; On           ;    ;
; Rule R102: External reset signals should be synchronized using two cascaded registers                                                                                                                                                                                                ; On           ;    ;
; Rule R103: External reset signal should be correctly synchronized                                                                                                                                                                                                                    ; On           ;    ;
; Rule R104: The reset signal that is generated in one clock domain and used in another clock domain should be correctly synchronized                                                                                                                                                  ; On           ;    ;
; Rule R105: The reset signal that is generated in one clock domain and used in another clock domain should be synchronized                                                                                                                                                            ; On           ;    ;
; Rule T101: Nodes with more than the specified number of fan-outs                                                                                                                                                                                                                     ; On           ;    ;
; Rule T102: Top nodes with the highest number of fan-outs                                                                                                                                                                                                                             ; On           ;    ;
; Rule A101: Design should not contain combinational loops                                                                                                                                                                                                                             ; On           ;    ;
; Rule A102: Register output should not drive its own control signal directly or through combinational logic                                                                                                                                                                           ; On           ;    ;
; Rule A103: Design should not contain delay chains                                                                                                                                                                                                                                    ; On           ;    ;
; Rule A104: Design should not contain ripple clock structures                                                                                                                                                                                                                         ; On           ;    ;
; Rule A105: Pulses should not be implemented asynchronously                                                                                                                                                                                                                           ; On           ;    ;
; Rule A106: Multiple pulses should not be generated in design                                                                                                                                                                                                                         ; On           ;    ;
; Rule A107: Design should not contain SR latches                                                                                                                                                                                                                                      ; On           ;    ;
; Rule A108: Design should not contain latches                                                                                                                                                                                                                                         ; On           ;    ;
; Rule S101: Output enable and input of the same tri-state node should not be driven by same signal source                                                                                                                                                                             ; On           ;    ;
; Rule S102: Synchronous port and asynchronous port of the same register should not be driven by the same signal source                                                                                                                                                                ; On           ;    ;
; Rule S103: More than one asynchronous port of a register should not be driven by the same signal source                                                                                                                                                                              ; On           ;    ;
; Rule S104: Clock port and any other port of a register should not be driven by the same signal source                                                                                                                                                                                ; On           ;    ;
; Rule D101: Data bits are not synchronized when transferred between asynchronous clock domains                                                                                                                                                                                        ; On           ;    ;
; Rule D102: Multiple data bits that are transferred across asynchronous clock domains are synchronized, but not all bits may be aligned in the receiving clock domain                                                                                                                 ; On           ;    ;
; Rule D103: Data bits are not correctly synchronized when transferred between asynchronous clock domains                                                                                                                                                                              ; On           ;    ;
; Rule M101: Data bits are not synchronized when transferred to the state machine of asynchronous clock domains                                                                                                                                                                        ; Off          ;    ;
; Rule M102: No reset signal defined to initialize the state machine                                                                                                                                                                                                                   ; Off          ;    ;
; Rule M103: State machine should not contain an unreachable state                                                                                                                                                                                                                     ; Off          ;    ;
; Rule M104: State machine should not contain a deadlock state                                                                                                                                                                                                                         ; Off          ;    ;
; Rule M105: State machine should not contain a dead transition                                                                                                                                                                                                                        ; Off          ;    ;
+--------------------------------------------------------------------------------------------------------------------------------------------------------------------------------------------------------------------------------------------------------------------------------------+--------------+----+


+--------------------------------------------------------------------------------------------------------------------------------------------------------------------------+
; High Violations                                                                                                                                                          ;
+-----------------------------------------------------------------------------------------------------------------------------------------+--------------------------------+
; Rule name                                                                                                                               ; Name                           ;
+-----------------------------------------------------------------------------------------------------------------------------------------+--------------------------------+
; Rule A108: Design should not contain latches - Latch 1                                                                                  ;                                ;
;  Latch 1                                                                                                                                ; Graphics:G1|score_Int[1]       ;
; Rule A108: Design should not contain latches - Latch 2                                                                                  ;                                ;
;  Latch 2                                                                                                                                ; Graphics:G1|score_Int[2]       ;
; Rule A108: Design should not contain latches - Latch 3                                                                                  ;                                ;
;  Latch 3                                                                                                                                ; Graphics:G1|score_Int[3]       ;
; Rule A108: Design should not contain latches - Latch 4                                                                                  ;                                ;
;  Latch 4                                                                                                                                ; Graphics:G1|score_Int[4]       ;
; Rule A108: Design should not contain latches - Latch 5                                                                                  ;                                ;
;  Latch 5                                                                                                                                ; Graphics:G1|score_Int[5]       ;
; Rule A108: Design should not contain latches - Latch 6                                                                                  ;                                ;
;  Latch 6                                                                                                                                ; Graphics:G1|score_Int[6]       ;
; Rule A108: Design should not contain latches - Latch 7                                                                                  ;                                ;
;  Latch 7                                                                                                                                ; Graphics:G1|score_Int[7]       ;
; Rule A108: Design should not contain latches - Latch 8                                                                                  ;                                ;
;  Latch 8                                                                                                                                ; Graphics:G1|score_Int[0]       ;
; Rule D101: Data bits are not synchronized when transferred between asynchronous clock domains - Structure 1                             ;                                ;
;  Source node(s) from clock "VGA_SYNC_module:U1|vert_sync_out"                                                                           ; Graphics:G1|wall:W1|X_pos1[8]  ;
;  Destination node(s) from clock "VGA_SYNC_module:U1|video_PLL:video_PLL_inst|altpll:altpll_component|altpll_dp72:auto_generated|clk[0]" ; VGA_SYNC_module:U1|green_out   ;
;  Destination node(s) from clock "VGA_SYNC_module:U1|video_PLL:video_PLL_inst|altpll:altpll_component|altpll_dp72:auto_generated|clk[0]" ; VGA_SYNC_module:U1|blue_out    ;
; Rule D101: Data bits are not synchronized when transferred between asynchronous clock domains - Structure 2                             ;                                ;
;  Source node(s) from clock "VGA_SYNC_module:U1|vert_sync_out"                                                                           ; Graphics:G1|wall:W1|X_pos4[2]  ;
;  Destination node(s) from clock "VGA_SYNC_module:U1|video_PLL:video_PLL_inst|altpll:altpll_component|altpll_dp72:auto_generated|clk[0]" ; VGA_SYNC_module:U1|green_out   ;
;  Destination node(s) from clock "VGA_SYNC_module:U1|video_PLL:video_PLL_inst|altpll:altpll_component|altpll_dp72:auto_generated|clk[0]" ; VGA_SYNC_module:U1|blue_out    ;
; Rule D101: Data bits are not synchronized when transferred between asynchronous clock domains - Structure 3                             ;                                ;
;  Source node(s) from clock "VGA_SYNC_module:U1|vert_sync_out"                                                                           ; Graphics:G1|wall:W1|X_pos4[3]  ;
;  Destination node(s) from clock "VGA_SYNC_module:U1|video_PLL:video_PLL_inst|altpll:altpll_component|altpll_dp72:auto_generated|clk[0]" ; VGA_SYNC_module:U1|green_out   ;
;  Destination node(s) from clock "VGA_SYNC_module:U1|video_PLL:video_PLL_inst|altpll:altpll_component|altpll_dp72:auto_generated|clk[0]" ; VGA_SYNC_module:U1|blue_out    ;
; Rule D101: Data bits are not synchronized when transferred between asynchronous clock domains - Structure 4                             ;                                ;
;  Source node(s) from clock "VGA_SYNC_module:U1|vert_sync_out"                                                                           ; Graphics:G1|wall:W1|X_pos4[4]  ;
;  Destination node(s) from clock "VGA_SYNC_module:U1|video_PLL:video_PLL_inst|altpll:altpll_component|altpll_dp72:auto_generated|clk[0]" ; VGA_SYNC_module:U1|green_out   ;
;  Destination node(s) from clock "VGA_SYNC_module:U1|video_PLL:video_PLL_inst|altpll:altpll_component|altpll_dp72:auto_generated|clk[0]" ; VGA_SYNC_module:U1|blue_out    ;
; Rule D101: Data bits are not synchronized when transferred between asynchronous clock domains - Structure 5                             ;                                ;
;  Source node(s) from clock "VGA_SYNC_module:U1|vert_sync_out"                                                                           ; Graphics:G1|wall:W1|X_pos3[5]  ;
;  Destination node(s) from clock "VGA_SYNC_module:U1|video_PLL:video_PLL_inst|altpll:altpll_component|altpll_dp72:auto_generated|clk[0]" ; VGA_SYNC_module:U1|green_out   ;
;  Destination node(s) from clock "VGA_SYNC_module:U1|video_PLL:video_PLL_inst|altpll:altpll_component|altpll_dp72:auto_generated|clk[0]" ; VGA_SYNC_module:U1|blue_out    ;
; Rule D101: Data bits are not synchronized when transferred between asynchronous clock domains - Structure 6                             ;                                ;
;  Source node(s) from clock "VGA_SYNC_module:U1|vert_sync_out"                                                                           ; Graphics:G1|wall:W1|X_pos1[9]  ;
;  Destination node(s) from clock "VGA_SYNC_module:U1|video_PLL:video_PLL_inst|altpll:altpll_component|altpll_dp72:auto_generated|clk[0]" ; VGA_SYNC_module:U1|green_out   ;
;  Destination node(s) from clock "VGA_SYNC_module:U1|video_PLL:video_PLL_inst|altpll:altpll_component|altpll_dp72:auto_generated|clk[0]" ; VGA_SYNC_module:U1|blue_out    ;
; Rule D101: Data bits are not synchronized when transferred between asynchronous clock domains - Structure 7                             ;                                ;
;  Source node(s) from clock "VGA_SYNC_module:U1|vert_sync_out"                                                                           ; Graphics:G1|wall:W1|X_pos1[6]  ;
;  Destination node(s) from clock "VGA_SYNC_module:U1|video_PLL:video_PLL_inst|altpll:altpll_component|altpll_dp72:auto_generated|clk[0]" ; VGA_SYNC_module:U1|green_out   ;
;  Destination node(s) from clock "VGA_SYNC_module:U1|video_PLL:video_PLL_inst|altpll:altpll_component|altpll_dp72:auto_generated|clk[0]" ; VGA_SYNC_module:U1|blue_out    ;
; Rule D101: Data bits are not synchronized when transferred between asynchronous clock domains - Structure 8                             ;                                ;
;  Source node(s) from clock "VGA_SYNC_module:U1|vert_sync_out"                                                                           ; Graphics:G1|wall:W1|X_pos1[7]  ;
;  Destination node(s) from clock "VGA_SYNC_module:U1|video_PLL:video_PLL_inst|altpll:altpll_component|altpll_dp72:auto_generated|clk[0]" ; VGA_SYNC_module:U1|green_out   ;
;  Destination node(s) from clock "VGA_SYNC_module:U1|video_PLL:video_PLL_inst|altpll:altpll_component|altpll_dp72:auto_generated|clk[0]" ; VGA_SYNC_module:U1|blue_out    ;
; Rule D101: Data bits are not synchronized when transferred between asynchronous clock domains - Structure 9                             ;                                ;
;  Source node(s) from clock "VGA_SYNC_module:U1|vert_sync_out"                                                                           ; Graphics:G1|wall:W1|X_pos4[5]  ;
;  Destination node(s) from clock "VGA_SYNC_module:U1|video_PLL:video_PLL_inst|altpll:altpll_component|altpll_dp72:auto_generated|clk[0]" ; VGA_SYNC_module:U1|green_out   ;
;  Destination node(s) from clock "VGA_SYNC_module:U1|video_PLL:video_PLL_inst|altpll:altpll_component|altpll_dp72:auto_generated|clk[0]" ; VGA_SYNC_module:U1|blue_out    ;
; Rule D101: Data bits are not synchronized when transferred between asynchronous clock domains - Structure 10                            ;                                ;
;  Source node(s) from clock "VGA_SYNC_module:U1|vert_sync_out"                                                                           ; Graphics:G1|wall:W1|X_pos2[8]  ;
;  Destination node(s) from clock "VGA_SYNC_module:U1|video_PLL:video_PLL_inst|altpll:altpll_component|altpll_dp72:auto_generated|clk[0]" ; VGA_SYNC_module:U1|green_out   ;
;  Destination node(s) from clock "VGA_SYNC_module:U1|video_PLL:video_PLL_inst|altpll:altpll_component|altpll_dp72:auto_generated|clk[0]" ; VGA_SYNC_module:U1|blue_out    ;
; Rule D101: Data bits are not synchronized when transferred between asynchronous clock domains - Structure 11                            ;                                ;
;  Source node(s) from clock "VGA_SYNC_module:U1|vert_sync_out"                                                                           ; Graphics:G1|wall:W1|X_pos2[6]  ;
;  Destination node(s) from clock "VGA_SYNC_module:U1|video_PLL:video_PLL_inst|altpll:altpll_component|altpll_dp72:auto_generated|clk[0]" ; VGA_SYNC_module:U1|green_out   ;
;  Destination node(s) from clock "VGA_SYNC_module:U1|video_PLL:video_PLL_inst|altpll:altpll_component|altpll_dp72:auto_generated|clk[0]" ; VGA_SYNC_module:U1|blue_out    ;
; Rule D101: Data bits are not synchronized when transferred between asynchronous clock domains - Structure 12                            ;                                ;
;  Source node(s) from clock "VGA_SYNC_module:U1|vert_sync_out"                                                                           ; Graphics:G1|wall:W1|X_pos2[7]  ;
;  Destination node(s) from clock "VGA_SYNC_module:U1|video_PLL:video_PLL_inst|altpll:altpll_component|altpll_dp72:auto_generated|clk[0]" ; VGA_SYNC_module:U1|green_out   ;
;  Destination node(s) from clock "VGA_SYNC_module:U1|video_PLL:video_PLL_inst|altpll:altpll_component|altpll_dp72:auto_generated|clk[0]" ; VGA_SYNC_module:U1|blue_out    ;
; Rule D101: Data bits are not synchronized when transferred between asynchronous clock domains - Structure 13                            ;                                ;
;  Source node(s) from clock "VGA_SYNC_module:U1|vert_sync_out"                                                                           ; Graphics:G1|wall:W1|X_pos2[9]  ;
;  Destination node(s) from clock "VGA_SYNC_module:U1|video_PLL:video_PLL_inst|altpll:altpll_component|altpll_dp72:auto_generated|clk[0]" ; VGA_SYNC_module:U1|green_out   ;
;  Destination node(s) from clock "VGA_SYNC_module:U1|video_PLL:video_PLL_inst|altpll:altpll_component|altpll_dp72:auto_generated|clk[0]" ; VGA_SYNC_module:U1|blue_out    ;
; Rule D101: Data bits are not synchronized when transferred between asynchronous clock domains - Structure 14                            ;                                ;
;  Source node(s) from clock "VGA_SYNC_module:U1|vert_sync_out"                                                                           ; Graphics:G1|player:P1|Y_pos[6] ;
;  Destination node(s) from clock "VGA_SYNC_module:U1|video_PLL:video_PLL_inst|altpll:altpll_component|altpll_dp72:auto_generated|clk[0]" ; VGA_SYNC_module:U1|green_out   ;
;  Destination node(s) from clock "VGA_SYNC_module:U1|video_PLL:video_PLL_inst|altpll:altpll_component|altpll_dp72:auto_generated|clk[0]" ; VGA_SYNC_module:U1|red_out     ;
; Rule D101: Data bits are not synchronized when transferred between asynchronous clock domains - Structure 15                            ;                                ;
;  Source node(s) from clock "VGA_SYNC_module:U1|vert_sync_out"                                                                           ; Graphics:G1|player:P1|Y_pos[8] ;
;  Destination node(s) from clock "VGA_SYNC_module:U1|video_PLL:video_PLL_inst|altpll:altpll_component|altpll_dp72:auto_generated|clk[0]" ; VGA_SYNC_module:U1|green_out   ;
;  Destination node(s) from clock "VGA_SYNC_module:U1|video_PLL:video_PLL_inst|altpll:altpll_component|altpll_dp72:auto_generated|clk[0]" ; VGA_SYNC_module:U1|red_out     ;
; Rule D101: Data bits are not synchronized when transferred between asynchronous clock domains - Structure 16                            ;                                ;
;  Source node(s) from clock "VGA_SYNC_module:U1|vert_sync_out"                                                                           ; Graphics:G1|player:P1|Y_pos[9] ;
;  Destination node(s) from clock "VGA_SYNC_module:U1|video_PLL:video_PLL_inst|altpll:altpll_component|altpll_dp72:auto_generated|clk[0]" ; VGA_SYNC_module:U1|green_out   ;
;  Destination node(s) from clock "VGA_SYNC_module:U1|video_PLL:video_PLL_inst|altpll:altpll_component|altpll_dp72:auto_generated|clk[0]" ; VGA_SYNC_module:U1|red_out     ;
;  Destination node(s) from clock "VGA_SYNC_module:U1|video_PLL:video_PLL_inst|altpll:altpll_component|altpll_dp72:auto_generated|clk[0]" ; VGA_SYNC_module:U1|blue_out    ;
; Rule D101: Data bits are not synchronized when transferred between asynchronous clock domains - Structure 17                            ;                                ;
;  Source node(s) from clock "VGA_SYNC_module:U1|vert_sync_out"                                                                           ; Graphics:G1|wall:W1|X_pos3[8]  ;
;  Destination node(s) from clock "VGA_SYNC_module:U1|video_PLL:video_PLL_inst|altpll:altpll_component|altpll_dp72:auto_generated|clk[0]" ; VGA_SYNC_module:U1|green_out   ;
;  Destination node(s) from clock "VGA_SYNC_module:U1|video_PLL:video_PLL_inst|altpll:altpll_component|altpll_dp72:auto_generated|clk[0]" ; VGA_SYNC_module:U1|blue_out    ;
; Rule D101: Data bits are not synchronized when transferred between asynchronous clock domains - Structure 18                            ;                                ;
;  Source node(s) from clock "VGA_SYNC_module:U1|vert_sync_out"                                                                           ; Graphics:G1|wall:W1|X_pos3[6]  ;
;  Destination node(s) from clock "VGA_SYNC_module:U1|video_PLL:video_PLL_inst|altpll:altpll_component|altpll_dp72:auto_generated|clk[0]" ; VGA_SYNC_module:U1|green_out   ;
;  Destination node(s) from clock "VGA_SYNC_module:U1|video_PLL:video_PLL_inst|altpll:altpll_component|altpll_dp72:auto_generated|clk[0]" ; VGA_SYNC_module:U1|blue_out    ;
; Rule D101: Data bits are not synchronized when transferred between asynchronous clock domains - Structure 19                            ;                                ;
;  Source node(s) from clock "VGA_SYNC_module:U1|vert_sync_out"                                                                           ; Graphics:G1|wall:W1|X_pos3[7]  ;
;  Destination node(s) from clock "VGA_SYNC_module:U1|video_PLL:video_PLL_inst|altpll:altpll_component|altpll_dp72:auto_generated|clk[0]" ; VGA_SYNC_module:U1|green_out   ;
;  Destination node(s) from clock "VGA_SYNC_module:U1|video_PLL:video_PLL_inst|altpll:altpll_component|altpll_dp72:auto_generated|clk[0]" ; VGA_SYNC_module:U1|blue_out    ;
; Rule D101: Data bits are not synchronized when transferred between asynchronous clock domains - Structure 20                            ;                                ;
;  Source node(s) from clock "VGA_SYNC_module:U1|vert_sync_out"                                                                           ; Graphics:G1|wall:W1|X_pos3[9]  ;
;  Destination node(s) from clock "VGA_SYNC_module:U1|video_PLL:video_PLL_inst|altpll:altpll_component|altpll_dp72:auto_generated|clk[0]" ; VGA_SYNC_module:U1|green_out   ;
;  Destination node(s) from clock "VGA_SYNC_module:U1|video_PLL:video_PLL_inst|altpll:altpll_component|altpll_dp72:auto_generated|clk[0]" ; VGA_SYNC_module:U1|blue_out    ;
; Rule D101: Data bits are not synchronized when transferred between asynchronous clock domains - Structure 21                            ;                                ;
;  Source node(s) from clock "VGA_SYNC_module:U1|vert_sync_out"                                                                           ; Graphics:G1|wall:W1|X_pos4[8]  ;
;  Destination node(s) from clock "VGA_SYNC_module:U1|video_PLL:video_PLL_inst|altpll:altpll_component|altpll_dp72:auto_generated|clk[0]" ; VGA_SYNC_module:U1|green_out   ;
;  Destination node(s) from clock "VGA_SYNC_module:U1|video_PLL:video_PLL_inst|altpll:altpll_component|altpll_dp72:auto_generated|clk[0]" ; VGA_SYNC_module:U1|blue_out    ;
; Rule D101: Data bits are not synchronized when transferred between asynchronous clock domains - Structure 22                            ;                                ;
;  Source node(s) from clock "VGA_SYNC_module:U1|vert_sync_out"                                                                           ; Graphics:G1|wall:W1|X_pos4[6]  ;
;  Destination node(s) from clock "VGA_SYNC_module:U1|video_PLL:video_PLL_inst|altpll:altpll_component|altpll_dp72:auto_generated|clk[0]" ; VGA_SYNC_module:U1|green_out   ;
;  Destination node(s) from clock "VGA_SYNC_module:U1|video_PLL:video_PLL_inst|altpll:altpll_component|altpll_dp72:auto_generated|clk[0]" ; VGA_SYNC_module:U1|blue_out    ;
; Rule D101: Data bits are not synchronized when transferred between asynchronous clock domains - Structure 23                            ;                                ;
;  Source node(s) from clock "VGA_SYNC_module:U1|vert_sync_out"                                                                           ; Graphics:G1|wall:W1|X_pos4[7]  ;
;  Destination node(s) from clock "VGA_SYNC_module:U1|video_PLL:video_PLL_inst|altpll:altpll_component|altpll_dp72:auto_generated|clk[0]" ; VGA_SYNC_module:U1|green_out   ;
;  Destination node(s) from clock "VGA_SYNC_module:U1|video_PLL:video_PLL_inst|altpll:altpll_component|altpll_dp72:auto_generated|clk[0]" ; VGA_SYNC_module:U1|blue_out    ;
; Rule D101: Data bits are not synchronized when transferred between asynchronous clock domains - Structure 24                            ;                                ;
;  Source node(s) from clock "VGA_SYNC_module:U1|vert_sync_out"                                                                           ; Graphics:G1|wall:W1|X_pos4[9]  ;
;  Destination node(s) from clock "VGA_SYNC_module:U1|video_PLL:video_PLL_inst|altpll:altpll_component|altpll_dp72:auto_generated|clk[0]" ; VGA_SYNC_module:U1|green_out   ;
;  Destination node(s) from clock "VGA_SYNC_module:U1|video_PLL:video_PLL_inst|altpll:altpll_component|altpll_dp72:auto_generated|clk[0]" ; VGA_SYNC_module:U1|blue_out    ;
+-----------------------------------------------------------------------------------------------------------------------------------------+--------------------------------+


+--------------------------------------------------------------------------------------------------------------------------------------------------------------------------------------------+
; Information only Violations                                                                                                                                                                ;
+------------------------------------------------------------------+---------------------------------------------------------------------------------------------------------------+---------+
; Rule name                                                        ; Name                                                                                                          ; Fan-Out ;
+------------------------------------------------------------------+---------------------------------------------------------------------------------------------------------------+---------+
; Rule T101: Nodes with more than the specified number of fan-outs ; RESET                                                                                                         ; 45      ;
; Rule T101: Nodes with more than the specified number of fan-outs ; VGA_SYNC_module:U1|vert_sync_out~clkctrl                                                                      ; 84      ;
; Rule T101: Nodes with more than the specified number of fan-outs ; VGA_SYNC_module:U1|video_PLL:video_PLL_inst|altpll:altpll_component|altpll_dp72:auto_generated|clk[0]~clkctrl ; 49      ;
; Rule T102: Top nodes with the highest number of fan-outs         ; VGA_SYNC_module:U1|vert_sync_out~clkctrl                                                                      ; 84      ;
; Rule T102: Top nodes with the highest number of fan-outs         ; VGA_SYNC_module:U1|video_PLL:video_PLL_inst|altpll:altpll_component|altpll_dp72:auto_generated|clk[0]~clkctrl ; 49      ;
; Rule T102: Top nodes with the highest number of fan-outs         ; RESET                                                                                                         ; 45      ;
; Rule T102: Top nodes with the highest number of fan-outs         ; Graphics:G1|wall:W1|X_pos4[2]                                                                                 ; 20      ;
; Rule T102: Top nodes with the highest number of fan-outs         ; Graphics:G1|wall:W1|X_pos4[1]                                                                                 ; 16      ;
; Rule T102: Top nodes with the highest number of fan-outs         ; Graphics:G1|wall:W1|X_pos4[4]                                                                                 ; 16      ;
; Rule T102: Top nodes with the highest number of fan-outs         ; Graphics:G1|wall:W1|X_pos4[3]                                                                                 ; 16      ;
; Rule T102: Top nodes with the highest number of fan-outs         ; VGA_SYNC_module:U1|pixel_row[3]                                                                               ; 13      ;
; Rule T102: Top nodes with the highest number of fan-outs         ; VGA_SYNC_module:U1|pixel_row[6]                                                                               ; 13      ;
; Rule T102: Top nodes with the highest number of fan-outs         ; VGA_SYNC_module:U1|pixel_row[7]                                                                               ; 13      ;
; Rule T102: Top nodes with the highest number of fan-outs         ; VGA_SYNC_module:U1|pixel_row[8]                                                                               ; 13      ;
; Rule T102: Top nodes with the highest number of fan-outs         ; ~GND                                                                                                          ; 13      ;
; Rule T102: Top nodes with the highest number of fan-outs         ; VGA_SYNC_module:U1|pixel_row[4]                                                                               ; 13      ;
; Rule T102: Top nodes with the highest number of fan-outs         ; VGA_SYNC_module:U1|pixel_row[5]                                                                               ; 12      ;
; Rule T102: Top nodes with the highest number of fan-outs         ; Graphics:G1|player:P1|vel[4]~28                                                                               ; 12      ;
; Rule T102: Top nodes with the highest number of fan-outs         ; VGA_SYNC_module:U1|pixel_column[6]                                                                            ; 12      ;
; Rule T102: Top nodes with the highest number of fan-outs         ; Graphics:G1|player:P1|Y_pos[2]                                                                                ; 11      ;
; Rule T102: Top nodes with the highest number of fan-outs         ; VGA_SYNC_module:U1|LessThan5~0                                                                                ; 11      ;
; Rule T102: Top nodes with the highest number of fan-outs         ; Graphics:G1|player:P1|Y_pos[1]                                                                                ; 11      ;
; Rule T102: Top nodes with the highest number of fan-outs         ; Graphics:G1|player:P1|Y_pos[0]                                                                                ; 11      ;
; Rule T102: Top nodes with the highest number of fan-outs         ; VGA_SYNC_module:U1|pixel_row[2]                                                                               ; 11      ;
; Rule T102: Top nodes with the highest number of fan-outs         ; VGA_SYNC_module:U1|pixel_row[0]                                                                               ; 11      ;
; Rule T102: Top nodes with the highest number of fan-outs         ; VGA_SYNC_module:U1|pixel_row[1]                                                                               ; 11      ;
; Rule T102: Top nodes with the highest number of fan-outs         ; VGA_SYNC_module:U1|pixel_column[8]                                                                            ; 11      ;
; Rule T102: Top nodes with the highest number of fan-outs         ; VGA_SYNC_module:U1|pixel_column[7]                                                                            ; 11      ;
; Rule T102: Top nodes with the highest number of fan-outs         ; VGA_SYNC_module:U1|pixel_column[5]                                                                            ; 11      ;
; Rule T102: Top nodes with the highest number of fan-outs         ; VGA_SYNC_module:U1|pixel_column[4]                                                                            ; 10      ;
; Rule T102: Top nodes with the highest number of fan-outs         ; VGA_SYNC_module:U1|pixel_column[2]                                                                            ; 10      ;
; Rule T102: Top nodes with the highest number of fan-outs         ; VGA_SYNC_module:U1|pixel_column[3]                                                                            ; 10      ;
; Rule T102: Top nodes with the highest number of fan-outs         ; VGA_SYNC_module:U1|LessThan6~2                                                                                ; 10      ;
; Rule T102: Top nodes with the highest number of fan-outs         ; reset_game~0                                                                                                  ; 10      ;
; Rule T102: Top nodes with the highest number of fan-outs         ; Graphics:G1|player:P1|vel[4]~29                                                                               ; 10      ;
; Rule T102: Top nodes with the highest number of fan-outs         ; VGA_SYNC_module:U1|pixel_column[9]                                                                            ; 10      ;
; Rule T102: Top nodes with the highest number of fan-outs         ; VGA_SYNC_module:U1|v_count[4]~1                                                                               ; 10      ;
; Rule T102: Top nodes with the highest number of fan-outs         ; Graphics:G1|score_Int[7]                                                                                      ; 9       ;
; Rule T102: Top nodes with the highest number of fan-outs         ; VGA_SYNC_module:U1|pixel_column[1]                                                                            ; 9       ;
; Rule T102: Top nodes with the highest number of fan-outs         ; Graphics:G1|score_Int[4]                                                                                      ; 9       ;
; Rule T102: Top nodes with the highest number of fan-outs         ; Graphics:G1|score_Int[5]                                                                                      ; 9       ;
; Rule T102: Top nodes with the highest number of fan-outs         ; Graphics:G1|score_Int[0]                                                                                      ; 9       ;
; Rule T102: Top nodes with the highest number of fan-outs         ; Graphics:G1|player:P1|Y_pos[3]                                                                                ; 9       ;
; Rule T102: Top nodes with the highest number of fan-outs         ; Graphics:G1|score_Int[1]                                                                                      ; 9       ;
; Rule T102: Top nodes with the highest number of fan-outs         ; Graphics:G1|score_Int[2]                                                                                      ; 9       ;
; Rule T102: Top nodes with the highest number of fan-outs         ; Graphics:G1|score_Int[6]                                                                                      ; 9       ;
; Rule T102: Top nodes with the highest number of fan-outs         ; Graphics:G1|score_Int[3]                                                                                      ; 9       ;
; Rule T102: Top nodes with the highest number of fan-outs         ; Graphics:G1|wall:W1|new_wall                                                                                  ; 9       ;
; Rule T102: Top nodes with the highest number of fan-outs         ; Graphics:G1|player:P1|Y_pos[4]                                                                                ; 8       ;
; Rule T102: Top nodes with the highest number of fan-outs         ; Graphics:G1|wall:W1|X_pos4[5]                                                                                 ; 8       ;
; Rule T102: Top nodes with the highest number of fan-outs         ; Graphics:G1|player:P1|Y_pos[7]                                                                                ; 8       ;
; Rule T102: Top nodes with the highest number of fan-outs         ; Graphics:G1|score_Int[7]~0clkctrl                                                                             ; 8       ;
; Rule T102: Top nodes with the highest number of fan-outs         ; Graphics:G1|wall:W1|X_pos3[5]                                                                                 ; 8       ;
+------------------------------------------------------------------+---------------------------------------------------------------------------------------------------------------+---------+


+---------------------------+
; Design Assistant Messages ;
+---------------------------+
Info: *******************************************************************
Info: Running Quartus II 64-Bit Design Assistant
    Info: Version 13.0.1 Build 232 06/12/2013 Service Pack 1 SJ Web Edition
    Info: Processing started: Wed Dec 03 20:21:41 2014
Info: Command: quartus_drc --read_settings_files=on --write_settings_files=off Flappy_Gate -c Flappy_Gate
Warning (335093): TimeQuest Timing Analyzer is analyzing 8 combinational loops as latches.
Critical Warning (332012): Synopsys Design Constraints File file not found: 'Flappy_Gate.sdc'. A Synopsys Design Constraints File is required by the TimeQuest Timing Analyzer to get proper timing constraints. Without it, the Compiler will not properly optimize the design.
Info (332144): No user constrained generated clocks found in the design
Info (332144): No user constrained base clocks found in the design
Info (332143): No user constrained clock uncertainty found in the design. Calling "derive_clock_uncertainty"
Info (332123): Deriving Clock Uncertainty. Please refer to report_sdc in TimeQuest to see clock uncertainties.
Critical Warning (308055): (High) Rule A108: Design should not contain latches. Found 8 latch(es) related to this rule.
    Critical Warning (308012): Node  "Graphics:G1|score_Int[1]"
    Critical Warning (308012): Node  "Graphics:G1|score_Int[2]"
    Critical Warning (308012): Node  "Graphics:G1|score_Int[3]"
    Critical Warning (308012): Node  "Graphics:G1|score_Int[4]"
    Critical Warning (308012): Node  "Graphics:G1|score_Int[5]"
    Critical Warning (308012): Node  "Graphics:G1|score_Int[6]"
    Critical Warning (308012): Node  "Graphics:G1|score_Int[7]"
    Critical Warning (308012): Node  "Graphics:G1|score_Int[0]"
Critical Warning (308060): (High) Rule D101: Data bits are not synchronized when transferred between asynchronous clock domains. (Value defined:2). Found 24 asynchronous clock domain interface structure(s) related to this rule.
    Critical Warning (308012): Node  "Graphics:G1|wall:W1|X_pos1[8]"
    Critical Warning (308012): Node  "Graphics:G1|wall:W1|X_pos4[2]"
    Critical Warning (308012): Node  "Graphics:G1|wall:W1|X_pos4[3]"
    Critical Warning (308012): Node  "Graphics:G1|wall:W1|X_pos4[4]"
    Critical Warning (308012): Node  "Graphics:G1|wall:W1|X_pos3[5]"
    Critical Warning (308012): Node  "Graphics:G1|wall:W1|X_pos1[9]"
    Critical Warning (308012): Node  "Graphics:G1|wall:W1|X_pos1[6]"
    Critical Warning (308012): Node  "Graphics:G1|wall:W1|X_pos1[7]"
    Critical Warning (308012): Node  "Graphics:G1|wall:W1|X_pos4[5]"
    Critical Warning (308012): Node  "Graphics:G1|wall:W1|X_pos2[8]"
    Critical Warning (308012): Node  "Graphics:G1|wall:W1|X_pos2[6]"
    Critical Warning (308012): Node  "Graphics:G1|wall:W1|X_pos2[7]"
    Critical Warning (308012): Node  "Graphics:G1|wall:W1|X_pos2[9]"
    Critical Warning (308012): Node  "Graphics:G1|player:P1|Y_pos[6]"
    Critical Warning (308012): Node  "Graphics:G1|player:P1|Y_pos[8]"
    Critical Warning (308012): Node  "Graphics:G1|player:P1|Y_pos[9]"
    Critical Warning (308012): Node  "Graphics:G1|wall:W1|X_pos3[8]"
    Critical Warning (308012): Node  "Graphics:G1|wall:W1|X_pos3[6]"
    Critical Warning (308012): Node  "Graphics:G1|wall:W1|X_pos3[7]"
    Critical Warning (308012): Node  "Graphics:G1|wall:W1|X_pos3[9]"
    Critical Warning (308012): Node  "Graphics:G1|wall:W1|X_pos4[8]"
    Critical Warning (308012): Node  "Graphics:G1|wall:W1|X_pos4[6]"
    Critical Warning (308012): Node  "Graphics:G1|wall:W1|X_pos4[7]"
    Critical Warning (308012): Node  "Graphics:G1|wall:W1|X_pos4[9]"
Info (308046): (Information) Rule T101: Nodes with more than the specified number of fan-outs. (Value defined:30). Found 3 node(s) with highest fan-out.
    Info (308011): Node  "RESET"
    Info (308011): Node  "VGA_SYNC_module:U1|vert_sync_out~clkctrl"
    Info (308011): Node  "VGA_SYNC_module:U1|video_PLL:video_PLL_inst|altpll:altpll_component|altpll_dp72:auto_generated|clk[0]~clkctrl"
Info (308044): (Information) Rule T102: Top nodes with the highest number of fan-outs. (Value defined:50). Found 50 node(s) with highest fan-out.
    Info (308011): Node  "VGA_SYNC_module:U1|vert_sync_out~clkctrl"
    Info (308011): Node  "VGA_SYNC_module:U1|video_PLL:video_PLL_inst|altpll:altpll_component|altpll_dp72:auto_generated|clk[0]~clkctrl"
    Info (308011): Node  "RESET"
    Info (308011): Node  "Graphics:G1|wall:W1|X_pos4[2]"
    Info (308011): Node  "Graphics:G1|wall:W1|X_pos4[1]"
    Info (308011): Node  "Graphics:G1|wall:W1|X_pos4[4]"
    Info (308011): Node  "Graphics:G1|wall:W1|X_pos4[3]"
    Info (308011): Node  "VGA_SYNC_module:U1|pixel_row[3]"
    Info (308011): Node  "VGA_SYNC_module:U1|pixel_row[6]"
    Info (308011): Node  "VGA_SYNC_module:U1|pixel_row[7]"
    Info (308011): Node  "VGA_SYNC_module:U1|pixel_row[8]"
    Info (308011): Node  "~GND"
    Info (308011): Node  "VGA_SYNC_module:U1|pixel_row[4]"
    Info (308011): Node  "VGA_SYNC_module:U1|pixel_row[5]"
    Info (308011): Node  "Graphics:G1|player:P1|vel[4]~28"
    Info (308011): Node  "VGA_SYNC_module:U1|pixel_column[6]"
    Info (308011): Node  "Graphics:G1|player:P1|Y_pos[2]"
    Info (308011): Node  "VGA_SYNC_module:U1|LessThan5~0"
    Info (308011): Node  "Graphics:G1|player:P1|Y_pos[1]"
    Info (308011): Node  "Graphics:G1|player:P1|Y_pos[0]"
    Info (308011): Node  "VGA_SYNC_module:U1|pixel_row[2]"
    Info (308011): Node  "VGA_SYNC_module:U1|pixel_row[0]"
    Info (308011): Node  "VGA_SYNC_module:U1|pixel_row[1]"
    Info (308011): Node  "VGA_SYNC_module:U1|pixel_column[8]"
    Info (308011): Node  "VGA_SYNC_module:U1|pixel_column[7]"
    Info (308011): Node  "VGA_SYNC_module:U1|pixel_column[5]"
    Info (308011): Node  "VGA_SYNC_module:U1|pixel_column[4]"
    Info (308011): Node  "VGA_SYNC_module:U1|pixel_column[2]"
    Info (308011): Node  "VGA_SYNC_module:U1|pixel_column[3]"
    Info (308011): Node  "VGA_SYNC_module:U1|LessThan6~2"
    Info (308002): Truncated list of Design Assistant messages to 30 messages. Go to sections under Design Assistant section of Compilation Report for complete lists of Design Assistant messages generated.
Info (308007): Design Assistant information: finished post-fitting analysis of current design -- generated 53 information messages and 32 warning messages
Info: Quartus II 64-Bit Design Assistant was successful. 0 errors, 36 warnings
    Info: Peak virtual memory: 412 megabytes
    Info: Processing ended: Wed Dec 03 20:21:42 2014
    Info: Elapsed time: 00:00:01
    Info: Total CPU time (on all processors): 00:00:01


